<?xml version="1.0" encoding="UTF-8"?>
<!-- Generated by org.testng.reporters.JUnitXMLReporter -->
<testsuite ignored="0" hostname="SAK-LAPPDC262" failures="0" tests="6" name="SauceDemo Edge Test" time="540.571" errors="0" timestamp="2024-10-21T16:03:08 IST">
  <testcase classname="com.pkg.functionality.TestLogin" name="doLogin" time="0.0">
    <skipped/>
  </testcase> <!-- doLogin -->
  <testcase classname="com.pkg.functionality.TestLogin" name="doLogout" time="0.0">
    <skipped/>
  </testcase> <!-- doLogout -->
  <testcase classname="com.pkg.functionality.AddtoCart" name="addCartFunctionality" time="0.0">
    <skipped/>
  </testcase> <!-- addCartFunctionality -->
  <testcase classname="com.pkg.functionality.AddtoCart" name="continueShopping" time="0.0">
    <skipped/>
  </testcase> <!-- continueShopping -->
  <testcase classname="com.pkg.functionality.Checkout" name="doCheckout" time="0.0">
    <skipped/>
  </testcase> <!-- doCheckout -->
  <testcase classname="com.pkg.functionality.Checkout" name="finishOrCancelCheckout" time="0.0">
    <skipped/>
  </testcase> <!-- finishOrCancelCheckout -->
</testsuite> <!-- SauceDemo Edge Test -->
